<?xml version="1.0" encoding="UTF-8"?>
<!-- Generated by org.testng.reporters.JUnitXMLReporter -->
<testsuite ignored="0" hostname="Sgandham" failures="0" tests="3" name="Test" time="10.716" errors="0" timestamp="2022-07-12T18:18:55 EDT">
  <testcase classname="com.grid.Testcases.GridTestexe3" name="firsttestcase" time="0.716"/>
  <testcase classname="com.grid.Testcases.GridTestexe2" name="secondttestcase" time="0.406"/>
  <testcase classname="com.grid.Testcases.GridTestexe" name="firsttestcase" time="0.414"/>
</testsuite> <!-- Test -->
