<?xml version="1.0" encoding="UTF-8"?>
<testng-results ignored="0" total="3" passed="3" failed="0" skipped="0">
  <reporter-output>
  </reporter-output>
  <suite started-at="2022-07-12T18:18:45 EDT" name="Suite" finished-at="2022-07-12T18:18:55 EDT" duration-ms="10716">
    <groups>
    </groups>
    <test started-at="2022-07-12T18:18:45 EDT" name="Test" finished-at="2022-07-12T18:18:55 EDT" duration-ms="10716">
      <class name="com.grid.Testcases.GridTestexe3">
        <test-method is-config="true" signature="setup()[pri:0, instance:com.grid.Testcases.GridTestexe3@f0da945]" started-at="2022-07-12T18:18:45 EDT" name="setup" finished-at="2022-07-12T18:18:49 EDT" duration-ms="4555" status="PASS">
          <reporter-output>
          </reporter-output>
        </test-method> <!-- setup -->
        <test-method signature="firsttestcase()[pri:0, instance:com.grid.Testcases.GridTestexe3@f0da945]" started-at="2022-07-12T18:18:49 EDT" name="firsttestcase" finished-at="2022-07-12T18:18:50 EDT" duration-ms="716" status="PASS">
          <reporter-output>
          </reporter-output>
        </test-method> <!-- firsttestcase -->
        <test-method is-config="true" signature="teardown()[pri:0, instance:com.grid.Testcases.GridTestexe3@f0da945]" started-at="2022-07-12T18:18:50 EDT" name="teardown" finished-at="2022-07-12T18:18:51 EDT" duration-ms="716" status="PASS">
          <reporter-output>
          </reporter-output>
        </test-method> <!-- teardown -->
      </class> <!-- com.grid.Testcases.GridTestexe3 -->
      <class name="com.grid.Testcases.GridTestexe">
        <test-method is-config="true" signature="setup()[pri:0, instance:com.grid.Testcases.GridTestexe@73e9cf30]" started-at="2022-07-12T18:18:53 EDT" name="setup" finished-at="2022-07-12T18:18:54 EDT" duration-ms="1352" status="PASS">
          <reporter-output>
          </reporter-output>
        </test-method> <!-- setup -->
        <test-method signature="firsttestcase()[pri:0, instance:com.grid.Testcases.GridTestexe@73e9cf30]" started-at="2022-07-12T18:18:54 EDT" name="firsttestcase" finished-at="2022-07-12T18:18:55 EDT" duration-ms="414" status="PASS">
          <reporter-output>
          </reporter-output>
        </test-method> <!-- firsttestcase -->
        <test-method is-config="true" signature="teardown()[pri:0, instance:com.grid.Testcases.GridTestexe@73e9cf30]" started-at="2022-07-12T18:18:55 EDT" name="teardown" finished-at="2022-07-12T18:18:55 EDT" duration-ms="611" status="PASS">
          <reporter-output>
          </reporter-output>
        </test-method> <!-- teardown -->
      </class> <!-- com.grid.Testcases.GridTestexe -->
      <class name="com.grid.Testcases.GridTestexe2">
        <test-method is-config="true" signature="setup()[pri:0, instance:com.grid.Testcases.GridTestexe2@272113c4]" started-at="2022-07-12T18:18:51 EDT" name="setup" finished-at="2022-07-12T18:18:52 EDT" duration-ms="1180" status="PASS">
          <reporter-output>
          </reporter-output>
        </test-method> <!-- setup -->
        <test-method signature="secondttestcase()[pri:0, instance:com.grid.Testcases.GridTestexe2@272113c4]" started-at="2022-07-12T18:18:52 EDT" name="secondttestcase" finished-at="2022-07-12T18:18:52 EDT" duration-ms="406" status="PASS">
          <reporter-output>
          </reporter-output>
        </test-method> <!-- secondttestcase -->
        <test-method is-config="true" signature="teardown()[pri:0, instance:com.grid.Testcases.GridTestexe2@272113c4]" started-at="2022-07-12T18:18:52 EDT" name="teardown" finished-at="2022-07-12T18:18:53 EDT" duration-ms="710" status="PASS">
          <reporter-output>
          </reporter-output>
        </test-method> <!-- teardown -->
      </class> <!-- com.grid.Testcases.GridTestexe2 -->
    </test> <!-- Test -->
  </suite> <!-- Suite -->
</testng-results>
